1756882842.026390 client started (1035767): version 3.4, socket /tmp/tmux-1000/default, protocol 8
1756882842.026406 on Linux 6.8.0-79-generic #79-Ubuntu SMP PREEMPT_DYNAMIC Tue Aug 12 14:42:46 UTC 2025
1756882842.026408 using libevent 2.1.12-stable poll
1756882842.026410 using ncurses 6.4 20240113
1756882842.026427 flags are 0x18010000
1756882842.026435 socket is /tmp/tmux-1000/default
1756882842.026443 trying connect
1756882842.026511 add peer 0x59185978fa20: 6 ((nil))
1756882842.026761 sending message 100 to peer 0x59185978fa20 (4 bytes)
1756882842.026764 sending message 111 to peer 0x59185978fa20 (8 bytes)
1756882842.026767 sending message 101 to peer 0x59185978fa20 (15 bytes)
1756882842.026768 sending message 109 to peer 0x59185978fa20 (4 bytes)
1756882842.026770 sending message 102 to peer 0x59185978fa20 (11 bytes)
1756882842.026772 sending message 108 to peer 0x59185978fa20 (29 bytes)
1756882842.026774 sending message 112 to peer 0x59185978fa20 (58 bytes)
1756882842.026776 sending message 112 to peer 0x59185978fa20 (5 bytes)
1756882842.026778 sending message 112 to peer 0x59185978fa20 (5 bytes)
1756882842.026780 sending message 112 to peer 0x59185978fa20 (6 bytes)
1756882842.026782 sending message 112 to peer 0x59185978fa20 (6 bytes)
1756882842.026784 sending message 112 to peer 0x59185978fa20 (11 bytes)
1756882842.026786 sending message 112 to peer 0x59185978fa20 (10 bytes)
1756882842.026788 sending message 112 to peer 0x59185978fa20 (13 bytes)
1756882842.026790 sending message 112 to peer 0x59185978fa20 (14 bytes)
1756882842.026792 sending message 112 to peer 0x59185978fa20 (19 bytes)
1756882842.026794 sending message 112 to peer 0x59185978fa20 (11 bytes)
1756882842.026796 sending message 112 to peer 0x59185978fa20 (10 bytes)
1756882842.026798 sending message 112 to peer 0x59185978fa20 (15 bytes)
1756882842.026799 sending message 112 to peer 0x59185978fa20 (21 bytes)
1756882842.026801 sending message 112 to peer 0x59185978fa20 (13 bytes)
1756882842.026803 sending message 112 to peer 0x59185978fa20 (7 bytes)
1756882842.026805 sending message 112 to peer 0x59185978fa20 (13 bytes)
1756882842.026807 sending message 112 to peer 0x59185978fa20 (7 bytes)
1756882842.026809 sending message 112 to peer 0x59185978fa20 (13 bytes)
1756882842.026811 sending message 112 to peer 0x59185978fa20 (9 bytes)
1756882842.026813 sending message 112 to peer 0x59185978fa20 (21 bytes)
1756882842.026815 sending message 112 to peer 0x59185978fa20 (13 bytes)
1756882842.026817 sending message 112 to peer 0x59185978fa20 (9 bytes)
1756882842.026819 sending message 112 to peer 0x59185978fa20 (16 bytes)
1756882842.026820 sending message 112 to peer 0x59185978fa20 (13 bytes)
1756882842.026822 sending message 112 to peer 0x59185978fa20 (9 bytes)
1756882842.026824 sending message 112 to peer 0x59185978fa20 (9 bytes)
1756882842.026826 sending message 112 to peer 0x59185978fa20 (12 bytes)
1756882842.026828 sending message 112 to peer 0x59185978fa20 (8 bytes)
1756882842.026830 sending message 112 to peer 0x59185978fa20 (8 bytes)
1756882842.026832 sending message 112 to peer 0x59185978fa20 (13 bytes)
1756882842.026834 sending message 112 to peer 0x59185978fa20 (7 bytes)
1756882842.026836 sending message 112 to peer 0x59185978fa20 (7 bytes)
1756882842.026838 sending message 112 to peer 0x59185978fa20 (9 bytes)
1756882842.026840 sending message 112 to peer 0x59185978fa20 (9 bytes)
1756882842.026841 sending message 112 to peer 0x59185978fa20 (15 bytes)
1756882842.026843 sending message 112 to peer 0x59185978fa20 (13 bytes)
1756882842.026845 sending message 112 to peer 0x59185978fa20 (12 bytes)
1756882842.026847 sending message 112 to peer 0x59185978fa20 (8 bytes)
1756882842.026849 sending message 112 to peer 0x59185978fa20 (14 bytes)
1756882842.026851 sending message 112 to peer 0x59185978fa20 (11 bytes)
1756882842.026853 sending message 112 to peer 0x59185978fa20 (9 bytes)
1756882842.026855 sending message 112 to peer 0x59185978fa20 (10 bytes)
1756882842.026857 sending message 112 to peer 0x59185978fa20 (10 bytes)
1756882842.026859 sending message 112 to peer 0x59185978fa20 (10 bytes)
1756882842.026865 sending message 112 to peer 0x59185978fa20 (10 bytes)
1756882842.026867 sending message 112 to peer 0x59185978fa20 (11 bytes)
1756882842.026869 sending message 112 to peer 0x59185978fa20 (12 bytes)
1756882842.026871 sending message 112 to peer 0x59185978fa20 (12 bytes)
1756882842.026873 sending message 112 to peer 0x59185978fa20 (12 bytes)
1756882842.026875 sending message 112 to peer 0x59185978fa20 (12 bytes)
1756882842.026876 sending message 112 to peer 0x59185978fa20 (12 bytes)
1756882842.026878 sending message 112 to peer 0x59185978fa20 (11 bytes)
1756882842.026880 sending message 112 to peer 0x59185978fa20 (11 bytes)
1756882842.026882 sending message 112 to peer 0x59185978fa20 (12 bytes)
1756882842.026884 sending message 112 to peer 0x59185978fa20 (12 bytes)
1756882842.026886 sending message 112 to peer 0x59185978fa20 (12 bytes)
1756882842.026888 sending message 112 to peer 0x59185978fa20 (12 bytes)
1756882842.026890 sending message 112 to peer 0x59185978fa20 (12 bytes)
1756882842.026892 sending message 112 to peer 0x59185978fa20 (9 bytes)
1756882842.026893 sending message 112 to peer 0x59185978fa20 (12 bytes)
1756882842.026895 sending message 112 to peer 0x59185978fa20 (13 bytes)
1756882842.026897 sending message 112 to peer 0x59185978fa20 (13 bytes)
1756882842.026899 sending message 112 to peer 0x59185978fa20 (13 bytes)
1756882842.026901 sending message 112 to peer 0x59185978fa20 (13 bytes)
1756882842.026903 sending message 112 to peer 0x59185978fa20 (13 bytes)
1756882842.026905 sending message 112 to peer 0x59185978fa20 (8 bytes)
1756882842.026907 sending message 112 to peer 0x59185978fa20 (11 bytes)
1756882842.026909 sending message 112 to peer 0x59185978fa20 (11 bytes)
1756882842.026911 sending message 112 to peer 0x59185978fa20 (11 bytes)
1756882842.026913 sending message 112 to peer 0x59185978fa20 (12 bytes)
1756882842.026914 sending message 112 to peer 0x59185978fa20 (12 bytes)
1756882842.026916 sending message 112 to peer 0x59185978fa20 (12 bytes)
1756882842.026918 sending message 112 to peer 0x59185978fa20 (12 bytes)
1756882842.026920 sending message 112 to peer 0x59185978fa20 (13 bytes)
1756882842.026922 sending message 112 to peer 0x59185978fa20 (13 bytes)
1756882842.026924 sending message 112 to peer 0x59185978fa20 (13 bytes)
1756882842.026926 sending message 112 to peer 0x59185978fa20 (8 bytes)
1756882842.026928 sending message 112 to peer 0x59185978fa20 (13 bytes)
1756882842.026930 sending message 112 to peer 0x59185978fa20 (13 bytes)
1756882842.026932 sending message 112 to peer 0x59185978fa20 (13 bytes)
1756882842.026934 sending message 112 to peer 0x59185978fa20 (13 bytes)
1756882842.026936 sending message 112 to peer 0x59185978fa20 (13 bytes)
1756882842.026938 sending message 112 to peer 0x59185978fa20 (12 bytes)
1756882842.026940 sending message 112 to peer 0x59185978fa20 (12 bytes)
1756882842.026942 sending message 112 to peer 0x59185978fa20 (12 bytes)
1756882842.026944 sending message 112 to peer 0x59185978fa20 (12 bytes)
1756882842.026946 sending message 112 to peer 0x59185978fa20 (13 bytes)
1756882842.026947 sending message 112 to peer 0x59185978fa20 (8 bytes)
1756882842.026949 sending message 112 to peer 0x59185978fa20 (13 bytes)
1756882842.026951 sending message 112 to peer 0x59185978fa20 (13 bytes)
1756882842.026953 sending message 112 to peer 0x59185978fa20 (13 bytes)
1756882842.026955 sending message 112 to peer 0x59185978fa20 (13 bytes)
1756882842.026957 sending message 112 to peer 0x59185978fa20 (13 bytes)
1756882842.026959 sending message 112 to peer 0x59185978fa20 (13 bytes)
1756882842.026961 sending message 112 to peer 0x59185978fa20 (13 bytes)
1756882842.026963 sending message 112 to peer 0x59185978fa20 (12 bytes)
1756882842.026965 sending message 112 to peer 0x59185978fa20 (12 bytes)
1756882842.026966 sending message 112 to peer 0x59185978fa20 (12 bytes)
1756882842.026968 sending message 112 to peer 0x59185978fa20 (8 bytes)
1756882842.026970 sending message 112 to peer 0x59185978fa20 (12 bytes)
1756882842.026972 sending message 112 to peer 0x59185978fa20 (13 bytes)
1756882842.026976 sending message 112 to peer 0x59185978fa20 (13 bytes)
1756882842.026978 sending message 112 to peer 0x59185978fa20 (13 bytes)
1756882842.026980 sending message 112 to peer 0x59185978fa20 (13 bytes)
1756882842.026982 sending message 112 to peer 0x59185978fa20 (13 bytes)
1756882842.026984 sending message 112 to peer 0x59185978fa20 (13 bytes)
1756882842.026986 sending message 112 to peer 0x59185978fa20 (13 bytes)
1756882842.026987 sending message 112 to peer 0x59185978fa20 (13 bytes)
1756882842.026989 sending message 112 to peer 0x59185978fa20 (12 bytes)
1756882842.026991 sending message 112 to peer 0x59185978fa20 (10 bytes)
1756882842.026993 sending message 112 to peer 0x59185978fa20 (12 bytes)
1756882842.026995 sending message 112 to peer 0x59185978fa20 (12 bytes)
1756882842.026997 sending message 112 to peer 0x59185978fa20 (12 bytes)
1756882842.026999 sending message 112 to peer 0x59185978fa20 (13 bytes)
1756882842.027001 sending message 112 to peer 0x59185978fa20 (13 bytes)
1756882842.027003 sending message 112 to peer 0x59185978fa20 (13 bytes)
1756882842.027005 sending message 112 to peer 0x59185978fa20 (13 bytes)
1756882842.027007 sending message 112 to peer 0x59185978fa20 (13 bytes)
1756882842.027008 sending message 112 to peer 0x59185978fa20 (13 bytes)
1756882842.027010 sending message 112 to peer 0x59185978fa20 (13 bytes)
1756882842.027012 sending message 112 to peer 0x59185978fa20 (10 bytes)
1756882842.027014 sending message 112 to peer 0x59185978fa20 (13 bytes)
1756882842.027016 sending message 112 to peer 0x59185978fa20 (12 bytes)
1756882842.027018 sending message 112 to peer 0x59185978fa20 (12 bytes)
1756882842.027020 sending message 112 to peer 0x59185978fa20 (12 bytes)
1756882842.027022 sending message 112 to peer 0x59185978fa20 (10 bytes)
1756882842.027024 sending message 112 to peer 0x59185978fa20 (10 bytes)
1756882842.027025 sending message 112 to peer 0x59185978fa20 (10 bytes)
1756882842.027027 sending message 112 to peer 0x59185978fa20 (12 bytes)
1756882842.027029 sending message 112 to peer 0x59185978fa20 (13 bytes)
1756882842.027031 sending message 112 to peer 0x59185978fa20 (13 bytes)
1756882842.027033 sending message 112 to peer 0x59185978fa20 (13 bytes)
1756882842.027035 sending message 112 to peer 0x59185978fa20 (13 bytes)
1756882842.027037 sending message 112 to peer 0x59185978fa20 (13 bytes)
1756882842.027039 sending message 112 to peer 0x59185978fa20 (10 bytes)
1756882842.027041 sending message 112 to peer 0x59185978fa20 (11 bytes)
1756882842.027043 sending message 112 to peer 0x59185978fa20 (12 bytes)
1756882842.027045 sending message 112 to peer 0x59185978fa20 (12 bytes)
1756882842.027046 sending message 112 to peer 0x59185978fa20 (12 bytes)
1756882842.027048 sending message 112 to peer 0x59185978fa20 (12 bytes)
1756882842.027050 sending message 112 to peer 0x59185978fa20 (12 bytes)
1756882842.027052 sending message 112 to peer 0x59185978fa20 (11 bytes)
1756882842.027054 sending message 112 to peer 0x59185978fa20 (12 bytes)
1756882842.027056 sending message 112 to peer 0x59185978fa20 (12 bytes)
1756882842.027058 sending message 112 to peer 0x59185978fa20 (13 bytes)
1756882842.027060 sending message 112 to peer 0x59185978fa20 (13 bytes)
1756882842.027062 sending message 112 to peer 0x59185978fa20 (13 bytes)
1756882842.027084 sending message 112 to peer 0x59185978fa20 (13 bytes)
1756882842.027086 sending message 112 to peer 0x59185978fa20 (13 bytes)
1756882842.027090 sending message 112 to peer 0x59185978fa20 (10 bytes)
1756882842.027092 sending message 112 to peer 0x59185978fa20 (9 bytes)
1756882842.027094 sending message 112 to peer 0x59185978fa20 (12 bytes)
1756882842.027096 sending message 112 to peer 0x59185978fa20 (13 bytes)
1756882842.027098 sending message 112 to peer 0x59185978fa20 (13 bytes)
1756882842.027100 sending message 112 to peer 0x59185978fa20 (13 bytes)
1756882842.027102 sending message 112 to peer 0x59185978fa20 (13 bytes)
1756882842.027104 sending message 112 to peer 0x59185978fa20 (13 bytes)
1756882842.027106 sending message 112 to peer 0x59185978fa20 (9 bytes)
1756882842.027109 sending message 112 to peer 0x59185978fa20 (12 bytes)
1756882842.027112 sending message 112 to peer 0x59185978fa20 (13 bytes)
1756882842.027113 sending message 112 to peer 0x59185978fa20 (13 bytes)
1756882842.027115 sending message 112 to peer 0x59185978fa20 (13 bytes)
1756882842.027117 sending message 112 to peer 0x59185978fa20 (13 bytes)
1756882842.027119 sending message 112 to peer 0x59185978fa20 (13 bytes)
1756882842.027121 sending message 112 to peer 0x59185978fa20 (11 bytes)
1756882842.027123 sending message 112 to peer 0x59185978fa20 (12 bytes)
1756882842.027125 sending message 112 to peer 0x59185978fa20 (13 bytes)
1756882842.027127 sending message 112 to peer 0x59185978fa20 (13 bytes)
1756882842.027129 sending message 112 to peer 0x59185978fa20 (13 bytes)
1756882842.027131 sending message 112 to peer 0x59185978fa20 (13 bytes)
1756882842.027133 sending message 112 to peer 0x59185978fa20 (13 bytes)
1756882842.027135 sending message 112 to peer 0x59185978fa20 (11 bytes)
1756882842.027137 sending message 112 to peer 0x59185978fa20 (12 bytes)
1756882842.027139 sending message 112 to peer 0x59185978fa20 (12 bytes)
1756882842.027141 sending message 112 to peer 0x59185978fa20 (12 bytes)
1756882842.027143 sending message 112 to peer 0x59185978fa20 (12 bytes)
1756882842.027145 sending message 112 to peer 0x59185978fa20 (12 bytes)
1756882842.027147 sending message 112 to peer 0x59185978fa20 (21 bytes)
1756882842.027149 sending message 112 to peer 0x59185978fa20 (12 bytes)
1756882842.027151 sending message 112 to peer 0x59185978fa20 (9 bytes)
1756882842.027153 sending message 112 to peer 0x59185978fa20 (6 bytes)
1756882842.027155 sending message 112 to peer 0x59185978fa20 (13 bytes)
1756882842.027157 sending message 112 to peer 0x59185978fa20 (10 bytes)
1756882842.027160 sending message 112 to peer 0x59185978fa20 (24 bytes)
1756882842.027162 sending message 112 to peer 0x59185978fa20 (13 bytes)
1756882842.027176 sending message 112 to peer 0x59185978fa20 (9 bytes)
1756882842.027178 sending message 112 to peer 0x59185978fa20 (70 bytes)
1756882842.027180 sending message 112 to peer 0x59185978fa20 (69 bytes)
1756882842.027182 sending message 112 to peer 0x59185978fa20 (12 bytes)
1756882842.027184 sending message 112 to peer 0x59185978fa20 (10 bytes)
1756882842.027186 sending message 112 to peer 0x59185978fa20 (10 bytes)
1756882842.027188 sending message 112 to peer 0x59185978fa20 (24 bytes)
1756882842.027190 sending message 112 to peer 0x59185978fa20 (13 bytes)
1756882842.027192 sending message 112 to peer 0x59185978fa20 (10 bytes)
1756882842.027194 sending message 112 to peer 0x59185978fa20 (10 bytes)
1756882842.027196 sending message 112 to peer 0x59185978fa20 (10 bytes)
1756882842.027198 sending message 112 to peer 0x59185978fa20 (13 bytes)
1756882842.027200 sending message 112 to peer 0x59185978fa20 (15 bytes)
1756882842.027202 sending message 112 to peer 0x59185978fa20 (5 bytes)
1756882842.027205 sending message 104 to peer 0x59185978fa20 (0 bytes)
1756882842.027208 sending message 110 to peer 0x59185978fa20 (0 bytes)
1756882842.027210 sending message 107 to peer 0x59185978fa20 (4 bytes)
1756882842.027212 sending message 105 to peer 0x59185978fa20 (27 bytes)
1756882842.027214 sending message 105 to peer 0x59185978fa20 (17 bytes)
1756882842.027216 sending message 105 to peer 0x59185978fa20 (19 bytes)
1756882842.027218 sending message 105 to peer 0x59185978fa20 (15 bytes)
1756882842.027220 sending message 105 to peer 0x59185978fa20 (18 bytes)
1756882842.027222 sending message 105 to peer 0x59185978fa20 (21 bytes)
1756882842.027224 sending message 105 to peer 0x59185978fa20 (330 bytes)
1756882842.027227 sending message 105 to peer 0x59185978fa20 (19 bytes)
1756882842.027229 sending message 105 to peer 0x59185978fa20 (20 bytes)
1756882842.027231 sending message 105 to peer 0x59185978fa20 (18 bytes)
1756882842.027233 sending message 105 to peer 0x59185978fa20 (31 bytes)
1756882842.027235 sending message 105 to peer 0x59185978fa20 (54 bytes)
1756882842.027236 sending message 105 to peer 0x59185978fa20 (21 bytes)
1756882842.027240 sending message 105 to peer 0x59185978fa20 (23 bytes)
1756882842.027242 sending message 105 to peer 0x59185978fa20 (23 bytes)
1756882842.027244 sending message 105 to peer 0x59185978fa20 (24 bytes)
1756882842.027246 sending message 105 to peer 0x59185978fa20 (21 bytes)
1756882842.027248 sending message 105 to peer 0x59185978fa20 (20 bytes)
1756882842.027250 sending message 105 to peer 0x59185978fa20 (23 bytes)
1756882842.027252 sending message 105 to peer 0x59185978fa20 (25 bytes)
1756882842.027254 sending message 105 to peer 0x59185978fa20 (27 bytes)
1756882842.027256 sending message 105 to peer 0x59185978fa20 (30 bytes)
1756882842.027258 sending message 105 to peer 0x59185978fa20 (33 bytes)
1756882842.027260 sending message 105 to peer 0x59185978fa20 (49 bytes)
1756882842.027262 sending message 105 to peer 0x59185978fa20 (19 bytes)
1756882842.027264 sending message 105 to peer 0x59185978fa20 (8 bytes)
1756882842.027266 sending message 105 to peer 0x59185978fa20 (33 bytes)
1756882842.027268 sending message 105 to peer 0x59185978fa20 (23 bytes)
1756882842.027270 sending message 105 to peer 0x59185978fa20 (28 bytes)
1756882842.027272 sending message 105 to peer 0x59185978fa20 (72 bytes)
1756882842.027274 sending message 105 to peer 0x59185978fa20 (113 bytes)
1756882842.027276 sending message 105 to peer 0x59185978fa20 (53 bytes)
1756882842.027278 sending message 105 to peer 0x59185978fa20 (31 bytes)
1756882842.027280 sending message 105 to peer 0x59185978fa20 (11 bytes)
1756882842.027282 sending message 105 to peer 0x59185978fa20 (8 bytes)
1756882842.027284 sending message 105 to peer 0x59185978fa20 (32 bytes)
1756882842.027286 sending message 105 to peer 0x59185978fa20 (1817 bytes)
1756882842.027295 sending message 105 to peer 0x59185978fa20 (19 bytes)
1756882842.027297 sending message 105 to peer 0x59185978fa20 (57 bytes)
1756882842.027299 sending message 105 to peer 0x59185978fa20 (10 bytes)
1756882842.027301 sending message 105 to peer 0x59185978fa20 (24 bytes)
1756882842.027303 sending message 105 to peer 0x59185978fa20 (47 bytes)
1756882842.027305 sending message 105 to peer 0x59185978fa20 (55 bytes)
1756882842.027307 sending message 105 to peer 0x59185978fa20 (14 bytes)
1756882842.027309 sending message 105 to peer 0x59185978fa20 (40 bytes)
1756882842.027311 sending message 105 to peer 0x59185978fa20 (23 bytes)
1756882842.027313 sending message 105 to peer 0x59185978fa20 (30 bytes)
1756882842.027315 sending message 105 to peer 0x59185978fa20 (92 bytes)
1756882842.027317 sending message 105 to peer 0x59185978fa20 (180 bytes)
1756882842.027319 sending message 105 to peer 0x59185978fa20 (127 bytes)
1756882842.027321 sending message 105 to peer 0x59185978fa20 (60 bytes)
1756882842.027323 sending message 105 to peer 0x59185978fa20 (12 bytes)
1756882842.027325 sending message 105 to peer 0x59185978fa20 (20 bytes)
1756882842.027326 sending message 105 to peer 0x59185978fa20 (16 bytes)
1756882842.027328 sending message 106 to peer 0x59185978fa20 (0 bytes)
1756882842.027376 sending message 200 to peer 0x59185978fa20 (4 bytes)
1756882842.027379 client loop enter
1756882842.031824 peer 0x59185978fa20 message 207
1756882842.031832 sending message 208 to peer 0x59185978fa20 (0 bytes)
1756882846.259927 peer 0x59185978fa20 message 201
1756882846.259958 sending message 205 to peer 0x59185978fa20 (0 bytes)
1756882846.260327 peer 0x59185978fa20 message 204
1756882846.260333 client loop exit
